<?xml version="1.0" encoding="UTF-8"?>
<!-- Generated by org.testng.reporters.JUnitReportReporter -->
<testsuite hostname="DESKTOP-BPC4G7D" name="testnggg.NewTest" tests="3" failures="0" timestamp="8 Jun 2019 04:39:58 GMT" time="0.016" errors="0">
  <testcase name="f2" time="0.016" classname="testnggg.NewTest"/>
  <testcase name="f1" time="0.000" classname="testnggg.NewTest"/>
  <testcase name="f" time="0.000" classname="testnggg.NewTest"/>
</testsuite> <!-- testnggg.NewTest -->
