<?xml version="1.0" encoding="UTF-8"?>
<!-- Generated by org.testng.reporters.JUnitReportReporter -->
<testsuite hostname="DESKTOP-BPC4G7D" name="testnggg.DP" tests="3" failures="0" timestamp="9 Jun 2019 03:34:46 GMT" time="25.859" errors="0">
  <testcase name="f" time="8.494" classname="testnggg.DP"/>
  <testcase name="f" time="9.722" classname="testnggg.DP"/>
  <testcase name="f" time="7.643" classname="testnggg.DP"/>
</testsuite> <!-- testnggg.DP -->
